<?xml version="1.0" encoding="UTF-8"?>
<!-- Generated by org.testng.reporters.JUnitXMLReporter -->
<testsuite ignored="0" hostname="Akeem" failures="0" tests="11" name="Default test" time="85.796" errors="0" timestamp="2023-04-23T20:19:11 CDT">
  <testcase classname="testCase.tc1" name="browserOpen" time="3.495"/>
  <testcase classname="testCase.tc1" name="urlOpen" time="11.511"/>
  <testcase classname="testCase.tc1" name="clickCancel" time="0.152"/>
  <testcase classname="testCase.tc1" name="flipkart" time="17.818"/>
  <testcase classname="testCase.tc1" name="moveSlide" time="5.504"/>
  <testcase classname="testCase.tc1" name="clickSearch" time="10.475"/>
  <testcase classname="testCase.tc1" name="newTab" time="5.048"/>
  <testcase classname="testCase.tc1" name="verifyPrice" time="0.072"/>
  <testcase classname="testCase.tc1" name="keyboardEvent" time="25.975"/>
  <testcase classname="testCase.tc1" name="cart" time="0.105"/>
  <testcase classname="testCase.tc1" name="closeBrowser" time="5.562"/>
</testsuite> <!-- Default test -->
