<?xml version="1.0" encoding="UTF-8"?>
<!-- Generated by org.testng.reporters.JUnitXMLReporter -->
<testsuite ignored="0" hostname="Akeem" failures="0" tests="13" name="Command line test" time="108.969" errors="0" timestamp="2023-05-29T18:25:46 CDT">
  <testcase classname="flip_kart_tc.facebook_Test" name="fillDetails" time="5.473"/>
  <testcase classname="flip_kart_tc.facebook_Test" name="fillDetails2" time="5.416"/>
  <testcase classname="flip_kart_tc.flip_kart_Test" name="browserOpen" time="1.479"/>
  <testcase classname="flip_kart_tc.flip_kart_Test" name="urlOpen" time="9.44"/>
  <testcase classname="flip_kart_tc.flip_kart_Test" name="clickCancel" time="0.152"/>
  <testcase classname="flip_kart_tc.flip_kart_Test" name="flipkart" time="17.872"/>
  <testcase classname="flip_kart_tc.flip_kart_Test" name="moveSlide" time="10.513"/>
  <testcase classname="flip_kart_tc.flip_kart_Test" name="clickSearch" time="10.515"/>
  <testcase classname="flip_kart_tc.flip_kart_Test" name="newTab" time="5.052"/>
  <testcase classname="flip_kart_tc.flip_kart_Test" name="verifyPrice" time="0.071"/>
  <testcase classname="flip_kart_tc.flip_kart_Test" name="keyboardEvent" time="26.119"/>
  <testcase classname="flip_kart_tc.flip_kart_Test" name="cart" time="0.142"/>
  <testcase classname="flip_kart_tc.flip_kart_Test" name="closeBrowser" time="5.508"/>
</testsuite> <!-- Command line test -->
