<?xml version="1.0" encoding="UTF-8"?>
<testng-results ignored="0" total="11" passed="10" failed="1" skipped="0">
  <reporter-output>
  </reporter-output>
  <suite started-at="2023-04-23T20:20:30 CDT" name="Suite" finished-at="2023-04-23T20:21:42 CDT" duration-ms="72850">
    <groups>
      <group name="Regression">
        <method signature="tc1.browserOpen()[pri:1, instance:testCase.tc1@55b7a4e0]" name="browserOpen" class="testCase.tc1"/>
        <method signature="tc1.cart()[pri:10, instance:testCase.tc1@55b7a4e0]" name="cart" class="testCase.tc1"/>
        <method signature="tc1.clickCancel()[pri:3, instance:testCase.tc1@55b7a4e0]" name="clickCancel" class="testCase.tc1"/>
        <method signature="tc1.clickSearch()[pri:6, instance:testCase.tc1@55b7a4e0]" name="clickSearch" class="testCase.tc1"/>
        <method signature="tc1.closeBrowser()[pri:11, instance:testCase.tc1@55b7a4e0]" name="closeBrowser" class="testCase.tc1"/>
        <method signature="tc1.keyboardEvent()[pri:9, instance:testCase.tc1@55b7a4e0]" name="keyboardEvent" class="testCase.tc1"/>
        <method signature="tc1.newTab()[pri:7, instance:testCase.tc1@55b7a4e0]" name="newTab" class="testCase.tc1"/>
        <method signature="tc1.urlOpen()[pri:2, instance:testCase.tc1@55b7a4e0]" name="urlOpen" class="testCase.tc1"/>
        <method signature="tc1.verifyPrice()[pri:8, instance:testCase.tc1@55b7a4e0]" name="verifyPrice" class="testCase.tc1"/>
      </group> <!-- Regression -->
      <group name="sanity">
        <method signature="tc1.browserOpen()[pri:1, instance:testCase.tc1@55b7a4e0]" name="browserOpen" class="testCase.tc1"/>
        <method signature="tc1.clickCancel()[pri:3, instance:testCase.tc1@55b7a4e0]" name="clickCancel" class="testCase.tc1"/>
        <method signature="tc1.closeBrowser()[pri:11, instance:testCase.tc1@55b7a4e0]" name="closeBrowser" class="testCase.tc1"/>
        <method signature="tc1.flipkart()[pri:4, instance:testCase.tc1@55b7a4e0]" name="flipkart" class="testCase.tc1"/>
        <method signature="tc1.moveSlide()[pri:5, instance:testCase.tc1@55b7a4e0]" name="moveSlide" class="testCase.tc1"/>
        <method signature="tc1.urlOpen()[pri:2, instance:testCase.tc1@55b7a4e0]" name="urlOpen" class="testCase.tc1"/>
      </group> <!-- sanity -->
    </groups>
    <test started-at="2023-04-23T20:20:30 CDT" name="Test" finished-at="2023-04-23T20:21:42 CDT" duration-ms="72850">
      <class name="testCase.tc1">
        <test-method signature="browserOpen()[pri:1, instance:testCase.tc1@55b7a4e0]" started-at="2023-04-23T20:20:30 CDT" name="browserOpen" finished-at="2023-04-23T20:20:32 CDT" duration-ms="2559" status="PASS">
          <reporter-output>
          </reporter-output>
        </test-method> <!-- browserOpen -->
        <test-method signature="urlOpen()[pri:2, instance:testCase.tc1@55b7a4e0]" started-at="2023-04-23T20:20:32 CDT" name="urlOpen" finished-at="2023-04-23T20:20:42 CDT" duration-ms="9792" status="PASS">
          <reporter-output>
          </reporter-output>
        </test-method> <!-- urlOpen -->
        <test-method signature="clickCancel()[pri:3, instance:testCase.tc1@55b7a4e0]" started-at="2023-04-23T20:20:42 CDT" name="clickCancel" finished-at="2023-04-23T20:20:42 CDT" duration-ms="134" status="PASS">
          <reporter-output>
          </reporter-output>
        </test-method> <!-- clickCancel -->
        <test-method signature="flipkart()[pri:4, instance:testCase.tc1@55b7a4e0]" started-at="2023-04-23T20:20:42 CDT" name="flipkart" finished-at="2023-04-23T20:21:00 CDT" duration-ms="17794" status="PASS">
          <reporter-output>
          </reporter-output>
        </test-method> <!-- flipkart -->
        <test-method signature="moveSlide()[pri:5, instance:testCase.tc1@55b7a4e0]" started-at="2023-04-23T20:21:00 CDT" name="moveSlide" finished-at="2023-04-23T20:21:06 CDT" duration-ms="5546" status="PASS">
          <reporter-output>
          </reporter-output>
        </test-method> <!-- moveSlide -->
        <test-method signature="clickSearch()[pri:6, instance:testCase.tc1@55b7a4e0]" started-at="2023-04-23T20:21:06 CDT" name="clickSearch" finished-at="2023-04-23T20:21:16 CDT" duration-ms="10489" status="PASS">
          <reporter-output>
          </reporter-output>
        </test-method> <!-- clickSearch -->
        <test-method signature="newTab()[pri:7, instance:testCase.tc1@55b7a4e0]" started-at="2023-04-23T20:21:16 CDT" name="newTab" finished-at="2023-04-23T20:21:21 CDT" duration-ms="5045" status="PASS">
          <reporter-output>
          </reporter-output>
        </test-method> <!-- newTab -->
        <test-method signature="verifyPrice()[pri:8, instance:testCase.tc1@55b7a4e0]" started-at="2023-04-23T20:21:21 CDT" name="verifyPrice" finished-at="2023-04-23T20:21:21 CDT" duration-ms="74" status="PASS">
          <reporter-output>
          </reporter-output>
        </test-method> <!-- verifyPrice -->
        <test-method signature="keyboardEvent()[pri:9, instance:testCase.tc1@55b7a4e0]" started-at="2023-04-23T20:21:21 CDT" name="keyboardEvent" finished-at="2023-04-23T20:21:37 CDT" duration-ms="15730" status="FAIL">
          <exception class="org.openqa.selenium.NoSuchElementException">
            <message>
              <![CDATA[no such element: Unable to locate element: {"method":"xpath","selector":"//span[@class="YxlyDn"]"}
  (Session info: chrome=112.0.5615.138)
For documentation on this error, please visit: https://selenium.dev/exceptions/#no_such_element
Build info: version: '4.8.3', revision: 'e5e76298c3'
System info: os.name: 'Windows 11', os.arch: 'amd64', os.version: '10.0', java.version: '19.0.2'
Driver info: org.openqa.selenium.chrome.ChromeDriver
Command: [6fd065a4901e2c979be988f22cc10886, findElement {using=xpath, value=//span[@class="YxlyDn"]}]
Capabilities {acceptInsecureCerts: false, browserName: chrome, browserVersion: 112.0.5615.138, chrome: {chromedriverVersion: 111.0.5563.64 (c710e93d5b63..., userDataDir: C:\Users\akeem\AppData\Loca...}, goog:chromeOptions: {debuggerAddress: localhost:58444}, networkConnectionEnabled: false, pageLoadStrategy: normal, platformName: WINDOWS, proxy: Proxy(), se:cdp: ws://localhost:58444/devtoo..., se:cdpVersion: 112.0.5615.138, setWindowRect: true, strictFileInteractability: false, timeouts: {implicit: 0, pageLoad: 300000, script: 30000}, unhandledPromptBehavior: dismiss and notify, webauthn:extension:credBlob: true, webauthn:extension:largeBlob: true, webauthn:extension:minPinLength: true, webauthn:extension:prf: true, webauthn:virtualAuthenticators: true}
Session ID: 6fd065a4901e2c979be988f22cc10886]]>
            </message>
            <full-stacktrace>
              <![CDATA[org.openqa.selenium.NoSuchElementException: no such element: Unable to locate element: {"method":"xpath","selector":"//span[@class="YxlyDn"]"}
  (Session info: chrome=112.0.5615.138)
For documentation on this error, please visit: https://selenium.dev/exceptions/#no_such_element
Build info: version: '4.8.3', revision: 'e5e76298c3'
System info: os.name: 'Windows 11', os.arch: 'amd64', os.version: '10.0', java.version: '19.0.2'
Driver info: org.openqa.selenium.chrome.ChromeDriver
Command: [6fd065a4901e2c979be988f22cc10886, findElement {using=xpath, value=//span[@class="YxlyDn"]}]
Capabilities {acceptInsecureCerts: false, browserName: chrome, browserVersion: 112.0.5615.138, chrome: {chromedriverVersion: 111.0.5563.64 (c710e93d5b63..., userDataDir: C:\Users\akeem\AppData\Loca...}, goog:chromeOptions: {debuggerAddress: localhost:58444}, networkConnectionEnabled: false, pageLoadStrategy: normal, platformName: WINDOWS, proxy: Proxy(), se:cdp: ws://localhost:58444/devtoo..., se:cdpVersion: 112.0.5615.138, setWindowRect: true, strictFileInteractability: false, timeouts: {implicit: 0, pageLoad: 300000, script: 30000}, unhandledPromptBehavior: dismiss and notify, webauthn:extension:credBlob: true, webauthn:extension:largeBlob: true, webauthn:extension:minPinLength: true, webauthn:extension:prf: true, webauthn:virtualAuthenticators: true}
Session ID: 6fd065a4901e2c979be988f22cc10886
at java.base/jdk.internal.reflect.DirectConstructorHandleAccessor.newInstance(DirectConstructorHandleAccessor.java:67)
at java.base/java.lang.reflect.Constructor.newInstanceWithCaller(Constructor.java:500)
at java.base/java.lang.reflect.Constructor.newInstance(Constructor.java:484)
at org.openqa.selenium.remote.codec.w3c.W3CHttpResponseCodec.createException(W3CHttpResponseCodec.java:200)
at org.openqa.selenium.remote.codec.w3c.W3CHttpResponseCodec.decode(W3CHttpResponseCodec.java:133)
at org.openqa.selenium.remote.codec.w3c.W3CHttpResponseCodec.decode(W3CHttpResponseCodec.java:53)
at org.openqa.selenium.remote.HttpCommandExecutor.execute(HttpCommandExecutor.java:193)
at org.openqa.selenium.remote.service.DriverCommandExecutor.invokeExecute(DriverCommandExecutor.java:183)
at org.openqa.selenium.remote.service.DriverCommandExecutor.execute(DriverCommandExecutor.java:158)
at org.openqa.selenium.remote.RemoteWebDriver.execute(RemoteWebDriver.java:543)
at org.openqa.selenium.remote.ElementLocation$ElementFinder$2.findElement(ElementLocation.java:162)
at org.openqa.selenium.remote.ElementLocation.findElement(ElementLocation.java:60)
at org.openqa.selenium.remote.RemoteWebDriver.findElement(RemoteWebDriver.java:352)
at org.openqa.selenium.remote.RemoteWebDriver.findElement(RemoteWebDriver.java:344)
at testCase.tc1.keyboardEvent(tc1.java:99)
at java.base/jdk.internal.reflect.DirectMethodHandleAccessor.invoke(DirectMethodHandleAccessor.java:104)
at java.base/java.lang.reflect.Method.invoke(Method.java:578)
at org.testng.internal.MethodInvocationHelper.invokeMethod(MethodInvocationHelper.java:133)
at org.testng.internal.TestInvoker.invokeMethod(TestInvoker.java:598)
at org.testng.internal.TestInvoker.invokeTestMethod(TestInvoker.java:173)
at org.testng.internal.MethodRunner.runInSequence(MethodRunner.java:46)
at org.testng.internal.TestInvoker$MethodInvocationAgent.invoke(TestInvoker.java:824)
at org.testng.internal.TestInvoker.invokeTestMethods(TestInvoker.java:146)
at org.testng.internal.TestMethodWorker.invokeTestMethods(TestMethodWorker.java:146)
at org.testng.internal.TestMethodWorker.run(TestMethodWorker.java:128)
at java.base/java.util.ArrayList.forEach(ArrayList.java:1511)
at org.testng.TestRunner.privateRun(TestRunner.java:794)
at org.testng.TestRunner.run(TestRunner.java:596)
at org.testng.SuiteRunner.runTest(SuiteRunner.java:377)
at org.testng.SuiteRunner.runSequentially(SuiteRunner.java:371)
at org.testng.SuiteRunner.privateRun(SuiteRunner.java:332)
at org.testng.SuiteRunner.run(SuiteRunner.java:276)
at org.testng.SuiteRunnerWorker.runSuite(SuiteRunnerWorker.java:53)
at org.testng.SuiteRunnerWorker.run(SuiteRunnerWorker.java:96)
at org.testng.TestNG.runSuitesSequentially(TestNG.java:1212)
at org.testng.TestNG.runSuitesLocally(TestNG.java:1134)
at org.testng.TestNG.runSuites(TestNG.java:1063)
at org.testng.TestNG.run(TestNG.java:1031)
at org.testng.remote.AbstractRemoteTestNG.run(AbstractRemoteTestNG.java:115)
at org.testng.remote.RemoteTestNG.initAndRun(RemoteTestNG.java:251)
at org.testng.remote.RemoteTestNG.main(RemoteTestNG.java:77)
]]>
            </full-stacktrace>
          </exception> <!-- org.openqa.selenium.NoSuchElementException -->
          <reporter-output>
          </reporter-output>
        </test-method> <!-- keyboardEvent -->
        <test-method signature="cart()[pri:10, instance:testCase.tc1@55b7a4e0]" started-at="2023-04-23T20:21:37 CDT" name="cart" finished-at="2023-04-23T20:21:37 CDT" duration-ms="27" status="PASS">
          <reporter-output>
          </reporter-output>
        </test-method> <!-- cart -->
        <test-method signature="closeBrowser()[pri:11, instance:testCase.tc1@55b7a4e0]" started-at="2023-04-23T20:21:37 CDT" name="closeBrowser" finished-at="2023-04-23T20:21:42 CDT" duration-ms="5577" status="PASS">
          <reporter-output>
          </reporter-output>
        </test-method> <!-- closeBrowser -->
      </class> <!-- testCase.tc1 -->
    </test> <!-- Test -->
  </suite> <!-- Suite -->
</testng-results>
